2023-10-08 09:21:07,364 [INFO] core.trainer: {'data_root': '/home/bzx_yjy/FS/miniImageNet--ravi', 'image_size': 84, 'use_memory': False, 'augment': True, 'augment_times': 1, 'augment_times_query': 1, 'workers': 8, 'dataloader_num': 1, 'device_ids': '0,1', 'n_gpu': 2, 'seed': 2147483647, 'deterministic': True, 'port': 29588, 'log_name': None, 'log_level': 'info', 'log_interval': 100, 'log_paramerter': False, 'result_root': './results', 'save_interval': 10, 'save_part': ['emb_func'], 'tag': None, 'epoch': 50, 'test_epoch': 5, 'parallel_part': ['emb_func'], 'pretrain_path': None, 'resume': False, 'way_num': 5, 'shot_num': 5, 'query_num': 15, 'test_way': 5, 'test_shot': 5, 'test_query': 15, 'episode_size': 2, 'train_episode': 100, 'test_episode': 100, 'batch_size': 128, 'val_per_epoch': 1, 'optimizer': {'name': 'SGD', 'kwargs': {'lr': 0.01}, 'other': None}, 'lr_scheduler': {'name': 'StepLR', 'kwargs': {'gamma': 1.0, 'step_size': 20}}, 'warmup': 0, 'includes': ['headers/data.yaml', 'headers/device.yaml', 'headers/misc.yaml', 'headers/model.yaml', 'headers/optimizer.yaml', 'classifiers/Proto.yaml', 'backbones/resnet12.yaml'], 'backbone': {'name': 'Conv64F', 'kwargs': {'is_flatten': True, 'is_feature': False, 'leaky_relu': False, 'negative_slope': 0.2, 'last_pool': True}}, 'classifier': {'name': 'ProtoNet', 'kwargs': None}, 'tb_scale': 1.0, 'rank': 0}
2023-10-08 09:21:07,377 [INFO] core.trainer: ProtoNet(
  (emb_func): Conv64F(
    (layer1): Sequential(
      (0): Conv2d(3, 64, kernel_size=(3, 3), stride=(1, 1), padding=(1, 1))
      (1): BatchNorm2d(64, eps=1e-05, momentum=0.1, affine=True, track_running_stats=True)
      (2): ReLU(inplace=True)
      (3): MaxPool2d(kernel_size=2, stride=2, padding=0, dilation=1, ceil_mode=False)
    )
    (layer2): Sequential(
      (0): Conv2d(64, 64, kernel_size=(3, 3), stride=(1, 1), padding=(1, 1))
      (1): BatchNorm2d(64, eps=1e-05, momentum=0.1, affine=True, track_running_stats=True)
      (2): ReLU(inplace=True)
      (3): MaxPool2d(kernel_size=2, stride=2, padding=0, dilation=1, ceil_mode=False)
    )
    (layer3): Sequential(
      (0): Conv2d(64, 64, kernel_size=(3, 3), stride=(1, 1), padding=(1, 1))
      (1): BatchNorm2d(64, eps=1e-05, momentum=0.1, affine=True, track_running_stats=True)
      (2): ReLU(inplace=True)
    )
    (layer3_maxpool): MaxPool2d(kernel_size=2, stride=2, padding=0, dilation=1, ceil_mode=False)
    (layer4): Sequential(
      (0): Conv2d(64, 64, kernel_size=(3, 3), stride=(1, 1), padding=(1, 1))
      (1): BatchNorm2d(64, eps=1e-05, momentum=0.1, affine=True, track_running_stats=True)
      (2): ReLU(inplace=True)
    )
    (layer4_pool): MaxPool2d(kernel_size=2, stride=2, padding=0, dilation=1, ceil_mode=False)
  )
  (proto_layer): ProtoLayer()
  (loss_func): CrossEntropyLoss()
)
2023-10-08 09:21:07,386 [INFO] core.trainer: Trainable params in the model: 113088
2023-10-08 09:21:07,444 [INFO] core.trainer: load 38400 train image with 64 label.
2023-10-08 09:21:18,546 [INFO] core.trainer: load 9600 val image with 16 label.
2023-10-08 09:21:28,706 [INFO] core.trainer: load 12000 test image with 20 label.
2023-10-08 09:21:39,112 [INFO] core.trainer: SGD (
Parameter Group 0
    dampening: 0
    differentiable: False
    foreach: None
    initial_lr: 0.01
    lr: 0.01
    maximize: False
    momentum: 0
    nesterov: False
    weight_decay: 0
)
2023-10-08 09:21:39,117 [INFO] core.trainer: ============ Train on the train set ============
2023-10-08 09:21:39,118 [INFO] core.trainer: learning rate: [0.01]
2023-10-08 09:21:50,199 [INFO] core.trainer: Epoch-(0): [100/100]	Time 0.364 (0.221)	Calc 0.338 (0.188)	Data 0.001 (0.019)	Loss 1.343 (19.428)	Acc@1 42.667 (32.520)
2023-10-08 09:21:50,208 [INFO] core.trainer:  * Acc@1 32.520 
2023-10-08 09:21:50,212 [INFO] core.trainer: ============ Validation on the val set ============
2023-10-08 09:21:56,005 [INFO] core.trainer: Epoch-(0): [100/100]	Time 0.222 (0.115)	Calc 0.206 (0.029)	Data 0.012 (0.083)	Acc@1 30.000 (34.773)
2023-10-08 09:21:56,009 [INFO] core.trainer:  * Acc@1 34.773 Best acc -inf
2023-10-08 09:21:56,011 [INFO] core.trainer: ============ Testing on the test set ============
2023-10-08 09:22:02,533 [INFO] core.trainer: Epoch-(0): [100/100]	Time 0.022 (0.129)	Calc 0.020 (0.039)	Data 0.000 (0.086)	Acc@1 28.667 (34.093)
2023-10-08 09:22:02,537 [INFO] core.trainer:  * Acc@1 34.093 Best acc -inf
2023-10-08 09:22:02,538 [INFO] core.trainer:  * Time: 0:00:23/0:19:10
2023-10-08 09:22:02,552 [INFO] core.trainer: ============ Train on the train set ============
2023-10-08 09:22:02,554 [INFO] core.trainer: learning rate: [0.01]
2023-10-08 09:22:08,999 [INFO] core.trainer: Epoch-(1): [100/100]	Time 0.077 (0.128)	Calc 0.049 (0.070)	Data 0.001 (0.045)	Loss 1.482 (1.553)	Acc@1 32.667 (33.440)
2023-10-08 09:22:09,008 [INFO] core.trainer:  * Acc@1 33.440 
2023-10-08 09:22:09,010 [INFO] core.trainer: ============ Validation on the val set ============
2023-10-08 09:22:15,434 [INFO] core.trainer: Epoch-(1): [100/100]	Time 0.237 (0.127)	Calc 0.234 (0.027)	Data 0.001 (0.096)	Acc@1 34.667 (34.520)
2023-10-08 09:22:15,438 [INFO] core.trainer:  * Acc@1 34.520 Best acc 34.773
2023-10-08 09:22:15,439 [INFO] core.trainer: ============ Testing on the test set ============
2023-10-08 09:22:21,374 [INFO] core.trainer: Epoch-(1): [100/100]	Time 0.716 (0.118)	Calc 0.422 (0.055)	Data 0.291 (0.061)	Acc@1 42.000 (34.200)
2023-10-08 09:22:21,379 [INFO] core.trainer:  * Acc@1 34.200 Best acc 34.093
2023-10-08 09:22:21,381 [INFO] core.trainer:  * Time: 0:00:42/0:17:30
2023-10-08 09:22:21,387 [INFO] core.trainer: ============ Train on the train set ============
2023-10-08 09:22:21,389 [INFO] core.trainer: learning rate: [0.01]
2023-10-08 09:22:28,213 [INFO] core.trainer: Epoch-(2): [100/100]	Time 0.050 (0.136)	Calc 0.043 (0.101)	Data 0.001 (0.021)	Loss 1.365 (1.515)	Acc@1 36.667 (33.360)
2023-10-08 09:22:28,219 [INFO] core.trainer:  * Acc@1 33.360 
2023-10-08 09:22:28,221 [INFO] core.trainer: ============ Validation on the val set ============
2023-10-08 09:22:34,790 [INFO] core.trainer: Epoch-(2): [100/100]	Time 0.430 (0.131)	Calc 0.014 (0.024)	Data 0.413 (0.104)	Acc@1 36.667 (35.853)
2023-10-08 09:22:34,802 [INFO] core.trainer:  * Acc@1 35.853 Best acc 34.773
2023-10-08 09:22:34,804 [INFO] core.trainer: ============ Testing on the test set ============
2023-10-08 09:22:40,365 [INFO] core.trainer: Epoch-(2): [100/100]	Time 0.012 (0.111)	Calc 0.009 (0.012)	Data 0.001 (0.095)	Acc@1 32.667 (34.293)
2023-10-08 09:22:40,370 [INFO] core.trainer:  * Acc@1 34.293 Best acc 34.093
2023-10-08 09:22:40,373 [INFO] core.trainer:  * Time: 0:01:01/0:16:56.666667
2023-10-08 09:22:40,390 [INFO] core.trainer: ============ Train on the train set ============
2023-10-08 09:22:40,392 [INFO] core.trainer: learning rate: [0.01]
2023-10-08 09:22:47,313 [INFO] core.trainer: Epoch-(3): [100/100]	Time 0.075 (0.138)	Calc 0.063 (0.101)	Data 0.004 (0.024)	Loss 1.570 (1.496)	Acc@1 31.333 (34.187)
2023-10-08 09:22:47,318 [INFO] core.trainer:  * Acc@1 34.187 
2023-10-08 09:22:47,320 [INFO] core.trainer: ============ Validation on the val set ============
2023-10-08 09:22:53,843 [INFO] core.trainer: Epoch-(3): [100/100]	Time 0.034 (0.129)	Calc 0.019 (0.013)	Data 0.002 (0.112)	Acc@1 41.333 (36.387)
2023-10-08 09:22:53,846 [INFO] core.trainer:  * Acc@1 36.387 Best acc 35.853
2023-10-08 09:22:53,848 [INFO] core.trainer: ============ Testing on the test set ============
2023-10-08 09:23:00,308 [INFO] core.trainer: Epoch-(3): [100/100]	Time 0.008 (0.129)	Calc 0.006 (0.082)	Data 0.001 (0.044)	Acc@1 30.667 (33.933)
2023-10-08 09:23:00,312 [INFO] core.trainer:  * Acc@1 33.933 Best acc 34.293
2023-10-08 09:23:00,313 [INFO] core.trainer:  * Time: 0:01:21/0:16:52.500000
2023-10-08 09:23:00,338 [INFO] core.trainer: ============ Train on the train set ============
2023-10-08 09:23:00,341 [INFO] core.trainer: learning rate: [0.01]
2023-10-08 09:23:05,311 [INFO] core.trainer: Epoch-(4): [100/100]	Time 0.026 (0.099)	Calc 0.019 (0.083)	Data 0.001 (0.009)	Loss 1.582 (1.479)	Acc@1 28.000 (34.347)
2023-10-08 09:23:05,323 [INFO] core.trainer:  * Acc@1 34.347 
2023-10-08 09:23:05,326 [INFO] core.trainer: ============ Validation on the val set ============
2023-10-08 09:23:11,525 [INFO] core.trainer: Epoch-(4): [100/100]	Time 0.020 (0.123)	Calc 0.017 (0.063)	Data 0.001 (0.058)	Acc@1 42.000 (36.867)
2023-10-08 09:23:11,530 [INFO] core.trainer:  * Acc@1 36.867 Best acc 36.387
2023-10-08 09:23:11,532 [INFO] core.trainer: ============ Testing on the test set ============
2023-10-08 09:23:17,567 [INFO] core.trainer: Epoch-(4): [100/100]	Time 0.600 (0.120)	Calc 0.006 (0.022)	Data 0.592 (0.096)	Acc@1 33.333 (35.320)
2023-10-08 09:23:17,574 [INFO] core.trainer:  * Acc@1 35.320 Best acc 33.933
2023-10-08 09:23:17,576 [INFO] core.trainer:  * Time: 0:01:38/0:16:20
2023-10-08 09:23:17,602 [INFO] core.trainer: ============ Train on the train set ============
2023-10-08 09:23:17,609 [INFO] core.trainer: learning rate: [0.01]
2023-10-08 09:23:24,730 [INFO] core.trainer: Epoch-(5): [100/100]	Time 0.049 (0.142)	Calc 0.043 (0.049)	Data 0.002 (0.077)	Loss 1.437 (1.484)	Acc@1 41.333 (36.427)
2023-10-08 09:23:24,737 [INFO] core.trainer:  * Acc@1 36.427 
2023-10-08 09:23:24,739 [INFO] core.trainer: ============ Validation on the val set ============
2023-10-08 09:23:29,973 [INFO] core.trainer: Epoch-(5): [100/100]	Time 0.472 (0.104)	Calc 0.468 (0.066)	Data 0.001 (0.036)	Acc@1 26.000 (36.987)
2023-10-08 09:23:29,977 [INFO] core.trainer:  * Acc@1 36.987 Best acc 36.867
2023-10-08 09:23:29,979 [INFO] core.trainer: ============ Testing on the test set ============
2023-10-08 09:23:36,565 [INFO] core.trainer: Epoch-(5): [100/100]	Time 0.371 (0.131)	Calc 0.006 (0.017)	Data 0.362 (0.110)	Acc@1 38.667 (34.480)
2023-10-08 09:23:36,568 [INFO] core.trainer:  * Acc@1 34.480 Best acc 35.320
2023-10-08 09:23:36,586 [INFO] core.trainer:  * Time: 0:01:57/0:16:15
2023-10-08 09:23:36,602 [INFO] core.trainer: ============ Train on the train set ============
2023-10-08 09:23:36,604 [INFO] core.trainer: learning rate: [0.01]
2023-10-08 09:23:42,562 [INFO] core.trainer: Epoch-(6): [100/100]	Time 0.070 (0.119)	Calc 0.062 (0.065)	Data 0.002 (0.041)	Loss 1.392 (1.486)	Acc@1 36.000 (35.427)
2023-10-08 09:23:42,580 [INFO] core.trainer:  * Acc@1 35.427 
2023-10-08 09:23:42,582 [INFO] core.trainer: ============ Validation on the val set ============
2023-10-08 09:23:48,188 [INFO] core.trainer: Epoch-(6): [100/100]	Time 0.035 (0.112)	Calc 0.032 (0.021)	Data 0.001 (0.088)	Acc@1 38.000 (38.920)
2023-10-08 09:23:48,192 [INFO] core.trainer:  * Acc@1 38.920 Best acc 36.987
2023-10-08 09:23:48,194 [INFO] core.trainer: ============ Testing on the test set ============
2023-10-08 09:23:54,965 [INFO] core.trainer: Epoch-(6): [100/100]	Time 0.495 (0.135)	Calc 0.492 (0.078)	Data 0.001 (0.055)	Acc@1 33.333 (33.667)
2023-10-08 09:23:54,969 [INFO] core.trainer:  * Acc@1 33.667 Best acc 34.480
2023-10-08 09:23:54,971 [INFO] core.trainer:  * Time: 0:02:15/0:16:04.285714
2023-10-08 09:23:54,983 [INFO] core.trainer: ============ Train on the train set ============
2023-10-08 09:23:54,985 [INFO] core.trainer: learning rate: [0.01]
2023-10-08 09:24:01,741 [INFO] core.trainer: Epoch-(7): [100/100]	Time 0.024 (0.135)	Calc 0.018 (0.046)	Data 0.001 (0.076)	Loss 1.563 (1.501)	Acc@1 31.333 (34.587)
2023-10-08 09:24:01,746 [INFO] core.trainer:  * Acc@1 34.587 
2023-10-08 09:24:01,748 [INFO] core.trainer: ============ Validation on the val set ============
2023-10-08 09:24:07,930 [INFO] core.trainer: Epoch-(7): [100/100]	Time 0.097 (0.123)	Calc 0.095 (0.095)	Data 0.001 (0.026)	Acc@1 29.333 (36.733)
2023-10-08 09:24:07,934 [INFO] core.trainer:  * Acc@1 36.733 Best acc 38.920
2023-10-08 09:24:07,936 [INFO] core.trainer: ============ Testing on the test set ============
2023-10-08 09:24:14,344 [INFO] core.trainer: Epoch-(7): [100/100]	Time 0.304 (0.128)	Calc 0.301 (0.093)	Data 0.001 (0.032)	Acc@1 30.000 (35.107)
2023-10-08 09:24:14,348 [INFO] core.trainer:  * Acc@1 35.107 Best acc 33.667
2023-10-08 09:24:14,350 [INFO] core.trainer:  * Time: 0:02:35/0:16:08.750000
2023-10-08 09:24:14,355 [INFO] core.trainer: ============ Train on the train set ============
2023-10-08 09:24:14,357 [INFO] core.trainer: learning rate: [0.01]
2023-10-08 09:24:21,446 [INFO] core.trainer: Epoch-(8): [100/100]	Time 0.196 (0.141)	Calc 0.027 (0.049)	Data 0.163 (0.077)	Loss 1.580 (1.487)	Acc@1 28.667 (34.440)
2023-10-08 09:24:21,461 [INFO] core.trainer:  * Acc@1 34.440 
2023-10-08 09:24:21,465 [INFO] core.trainer: ============ Validation on the val set ============
2023-10-08 09:24:26,666 [INFO] core.trainer: Epoch-(8): [100/100]	Time 0.017 (0.104)	Calc 0.014 (0.090)	Data 0.001 (0.011)	Acc@1 40.667 (37.267)
2023-10-08 09:24:26,676 [INFO] core.trainer:  * Acc@1 37.267 Best acc 38.920
2023-10-08 09:24:26,678 [INFO] core.trainer: ============ Testing on the test set ============
2023-10-08 09:24:33,034 [INFO] core.trainer: Epoch-(8): [100/100]	Time 0.217 (0.127)	Calc 0.014 (0.020)	Data 0.196 (0.103)	Acc@1 42.667 (34.853)
2023-10-08 09:24:33,037 [INFO] core.trainer:  * Acc@1 34.853 Best acc 33.667
2023-10-08 09:24:33,039 [INFO] core.trainer:  * Time: 0:02:53/0:16:01.111111
2023-10-08 09:24:33,046 [INFO] core.trainer: ============ Train on the train set ============
2023-10-08 09:24:33,047 [INFO] core.trainer: learning rate: [0.01]
2023-10-08 09:24:39,284 [INFO] core.trainer: Epoch-(9): [100/100]	Time 0.085 (0.124)	Calc 0.067 (0.052)	Data 0.002 (0.060)	Loss 1.484 (1.493)	Acc@1 38.667 (35.773)
2023-10-08 09:24:39,289 [INFO] core.trainer:  * Acc@1 35.773 
2023-10-08 09:24:39,290 [INFO] core.trainer: ============ Validation on the val set ============
2023-10-08 09:24:46,159 [INFO] core.trainer: Epoch-(9): [100/100]	Time 0.020 (0.137)	Calc 0.017 (0.036)	Data 0.001 (0.098)	Acc@1 46.000 (37.333)
2023-10-08 09:24:46,166 [INFO] core.trainer:  * Acc@1 37.333 Best acc 38.920
2023-10-08 09:24:46,168 [INFO] core.trainer: ============ Testing on the test set ============
2023-10-08 09:24:51,715 [INFO] core.trainer: Epoch-(9): [100/100]	Time 0.479 (0.110)	Calc 0.007 (0.041)	Data 0.470 (0.067)	Acc@1 42.000 (35.120)
2023-10-08 09:24:51,719 [INFO] core.trainer:  * Acc@1 35.120 Best acc 33.667
2023-10-08 09:24:51,721 [INFO] core.trainer:  * Time: 0:03:12/0:16:00
2023-10-08 09:24:51,728 [INFO] core.trainer: ============ Train on the train set ============
2023-10-08 09:24:51,730 [INFO] core.trainer: learning rate: [0.01]
2023-10-08 09:24:59,134 [INFO] core.trainer: Epoch-(10): [100/100]	Time 0.039 (0.147)	Calc 0.021 (0.055)	Data 0.000 (0.079)	Loss 1.474 (1.439)	Acc@1 39.333 (37.040)
2023-10-08 09:24:59,138 [INFO] core.trainer:  * Acc@1 37.040 
2023-10-08 09:24:59,140 [INFO] core.trainer: ============ Validation on the val set ============
2023-10-08 09:25:04,283 [INFO] core.trainer: Epoch-(10): [100/100]	Time 0.039 (0.102)	Calc 0.014 (0.021)	Data 0.023 (0.078)	Acc@1 39.333 (37.747)
2023-10-08 09:25:04,288 [INFO] core.trainer:  * Acc@1 37.747 Best acc 38.920
2023-10-08 09:25:04,290 [INFO] core.trainer: ============ Testing on the test set ============
2023-10-08 09:25:10,595 [INFO] core.trainer: Epoch-(10): [100/100]	Time 0.025 (0.126)	Calc 0.022 (0.039)	Data 0.001 (0.084)	Acc@1 42.667 (34.973)
2023-10-08 09:25:10,602 [INFO] core.trainer:  * Acc@1 34.973 Best acc 33.667
2023-10-08 09:25:10,604 [INFO] core.trainer:  * Time: 0:03:31/0:15:59.090909
2023-10-08 09:25:10,616 [INFO] core.trainer: ============ Train on the train set ============
2023-10-08 09:25:10,618 [INFO] core.trainer: learning rate: [0.01]
2023-10-08 09:25:16,991 [INFO] core.trainer: Epoch-(11): [100/100]	Time 0.108 (0.127)	Calc 0.081 (0.058)	Data 0.002 (0.056)	Loss 1.424 (1.463)	Acc@1 34.000 (37.973)
2023-10-08 09:25:16,996 [INFO] core.trainer:  * Acc@1 37.973 
2023-10-08 09:25:16,998 [INFO] core.trainer: ============ Validation on the val set ============
2023-10-08 09:25:23,313 [INFO] core.trainer: Epoch-(11): [100/100]	Time 0.014 (0.125)	Calc 0.012 (0.018)	Data 0.001 (0.104)	Acc@1 44.000 (37.933)
2023-10-08 09:25:23,317 [INFO] core.trainer:  * Acc@1 37.933 Best acc 38.920
2023-10-08 09:25:23,319 [INFO] core.trainer: ============ Testing on the test set ============
2023-10-08 09:25:28,547 [INFO] core.trainer: Epoch-(11): [100/100]	Time 0.022 (0.104)	Calc 0.006 (0.050)	Data 0.014 (0.051)	Acc@1 30.000 (34.627)
2023-10-08 09:25:28,551 [INFO] core.trainer:  * Acc@1 34.627 Best acc 33.667
2023-10-08 09:25:28,553 [INFO] core.trainer:  * Time: 0:03:49/0:15:54.166667
2023-10-08 09:25:28,560 [INFO] core.trainer: ============ Train on the train set ============
2023-10-08 09:25:28,562 [INFO] core.trainer: learning rate: [0.01]
2023-10-08 09:25:35,358 [INFO] core.trainer: Epoch-(12): [100/100]	Time 0.371 (0.135)	Calc 0.350 (0.046)	Data 0.001 (0.075)	Loss 1.571 (1.490)	Acc@1 38.667 (36.787)
2023-10-08 09:25:35,367 [INFO] core.trainer:  * Acc@1 36.787 
2023-10-08 09:25:35,368 [INFO] core.trainer: ============ Validation on the val set ============
2023-10-08 09:25:42,050 [INFO] core.trainer: Epoch-(12): [100/100]	Time 0.503 (0.133)	Calc 0.006 (0.033)	Data 0.495 (0.097)	Acc@1 38.667 (39.827)
2023-10-08 09:25:42,054 [INFO] core.trainer:  * Acc@1 39.827 Best acc 38.920
2023-10-08 09:25:42,056 [INFO] core.trainer: ============ Testing on the test set ============
2023-10-08 09:25:47,417 [INFO] core.trainer: Epoch-(12): [100/100]	Time 0.334 (0.107)	Calc 0.014 (0.011)	Data 0.318 (0.092)	Acc@1 23.333 (33.600)
2023-10-08 09:25:47,420 [INFO] core.trainer:  * Acc@1 33.600 Best acc 33.667
2023-10-08 09:25:47,421 [INFO] core.trainer:  * Time: 0:04:08/0:15:53.846154
2023-10-08 09:25:47,432 [INFO] core.trainer: ============ Train on the train set ============
2023-10-08 09:25:47,434 [INFO] core.trainer: learning rate: [0.01]
2023-10-08 09:25:54,380 [INFO] core.trainer: Epoch-(13): [100/100]	Time 0.327 (0.138)	Calc 0.039 (0.058)	Data 0.279 (0.067)	Loss 1.236 (1.451)	Acc@1 42.000 (38.373)
2023-10-08 09:25:54,383 [INFO] core.trainer:  * Acc@1 38.373 
2023-10-08 09:25:54,385 [INFO] core.trainer: ============ Validation on the val set ============
2023-10-08 09:26:00,559 [INFO] core.trainer: Epoch-(13): [100/100]	Time 0.018 (0.123)	Calc 0.007 (0.052)	Data 0.009 (0.067)	Acc@1 38.000 (39.507)
2023-10-08 09:26:00,577 [INFO] core.trainer:  * Acc@1 39.507 Best acc 39.827
2023-10-08 09:26:00,590 [INFO] core.trainer: ============ Testing on the test set ============
2023-10-08 09:26:06,713 [INFO] core.trainer: Epoch-(13): [100/100]	Time 0.016 (0.122)	Calc 0.013 (0.032)	Data 0.001 (0.086)	Acc@1 31.333 (36.827)
2023-10-08 09:26:06,717 [INFO] core.trainer:  * Acc@1 36.827 Best acc 33.600
2023-10-08 09:26:06,719 [INFO] core.trainer:  * Time: 0:04:27/0:15:53.571429
2023-10-08 09:26:06,725 [INFO] core.trainer: ============ Train on the train set ============
2023-10-08 09:26:06,727 [INFO] core.trainer: learning rate: [0.01]
2023-10-08 09:26:13,130 [INFO] core.trainer: Epoch-(14): [100/100]	Time 0.516 (0.127)	Calc 0.508 (0.081)	Data 0.001 (0.037)	Loss 1.239 (1.445)	Acc@1 42.000 (38.120)
2023-10-08 09:26:13,134 [INFO] core.trainer:  * Acc@1 38.120 
2023-10-08 09:26:13,136 [INFO] core.trainer: ============ Validation on the val set ============
2023-10-08 09:26:19,184 [INFO] core.trainer: Epoch-(14): [100/100]	Time 0.016 (0.120)	Calc 0.013 (0.094)	Data 0.001 (0.023)	Acc@1 29.333 (39.240)
2023-10-08 09:26:19,190 [INFO] core.trainer:  * Acc@1 39.240 Best acc 39.827
2023-10-08 09:26:19,191 [INFO] core.trainer: ============ Testing on the test set ============
2023-10-08 09:26:25,678 [INFO] core.trainer: Epoch-(14): [100/100]	Time 0.315 (0.129)	Calc 0.006 (0.070)	Data 0.307 (0.055)	Acc@1 35.333 (36.613)
2023-10-08 09:26:25,682 [INFO] core.trainer:  * Acc@1 36.613 Best acc 33.600
2023-10-08 09:26:25,684 [INFO] core.trainer:  * Time: 0:04:46/0:15:53.333333
2023-10-08 09:26:25,690 [INFO] core.trainer: ============ Train on the train set ============
2023-10-08 09:26:25,692 [INFO] core.trainer: learning rate: [0.01]
2023-10-08 09:26:32,681 [INFO] core.trainer: Epoch-(15): [100/100]	Time 0.061 (0.139)	Calc 0.046 (0.058)	Data 0.001 (0.068)	Loss 1.447 (1.461)	Acc@1 40.667 (36.960)
2023-10-08 09:26:32,690 [INFO] core.trainer:  * Acc@1 36.960 
2023-10-08 09:26:32,692 [INFO] core.trainer: ============ Validation on the val set ============
2023-10-08 09:26:39,111 [INFO] core.trainer: Epoch-(15): [100/100]	Time 0.008 (0.128)	Calc 0.006 (0.046)	Data 0.000 (0.078)	Acc@1 30.000 (39.120)
2023-10-08 09:26:39,121 [INFO] core.trainer:  * Acc@1 39.120 Best acc 39.827
2023-10-08 09:26:39,122 [INFO] core.trainer: ============ Testing on the test set ============
2023-10-08 09:26:44,669 [INFO] core.trainer: Epoch-(15): [100/100]	Time 0.010 (0.110)	Calc 0.007 (0.031)	Data 0.001 (0.077)	Acc@1 33.333 (35.760)
2023-10-08 09:26:44,678 [INFO] core.trainer:  * Acc@1 35.760 Best acc 33.600
2023-10-08 09:26:44,690 [INFO] core.trainer:  * Time: 0:05:05/0:15:53.125000
2023-10-08 09:26:44,698 [INFO] core.trainer: ============ Train on the train set ============
2023-10-08 09:26:44,700 [INFO] core.trainer: learning rate: [0.01]
2023-10-08 09:26:51,502 [INFO] core.trainer: Epoch-(16): [100/100]	Time 0.141 (0.135)	Calc 0.131 (0.062)	Data 0.001 (0.060)	Loss 1.512 (1.460)	Acc@1 36.000 (37.040)
2023-10-08 09:26:51,508 [INFO] core.trainer:  * Acc@1 37.040 
2023-10-08 09:26:51,509 [INFO] core.trainer: ============ Validation on the val set ============
2023-10-08 09:26:57,484 [INFO] core.trainer: Epoch-(16): [100/100]	Time 0.012 (0.119)	Calc 0.008 (0.054)	Data 0.002 (0.062)	Acc@1 51.333 (38.453)
2023-10-08 09:26:57,489 [INFO] core.trainer:  * Acc@1 38.453 Best acc 39.827
2023-10-08 09:26:57,491 [INFO] core.trainer: ============ Testing on the test set ============
2023-10-08 09:27:03,690 [INFO] core.trainer: Epoch-(16): [100/100]	Time 0.029 (0.123)	Calc 0.022 (0.054)	Data 0.005 (0.066)	Acc@1 32.667 (38.040)
2023-10-08 09:27:03,699 [INFO] core.trainer:  * Acc@1 38.040 Best acc 33.600
2023-10-08 09:27:03,701 [INFO] core.trainer:  * Time: 0:05:24/0:15:52.941176
2023-10-08 09:27:03,719 [INFO] core.trainer: ============ Train on the train set ============
2023-10-08 09:27:03,721 [INFO] core.trainer: learning rate: [0.01]
2023-10-08 09:27:10,819 [INFO] core.trainer: Epoch-(17): [100/100]	Time 0.691 (0.141)	Calc 0.676 (0.094)	Data 0.008 (0.036)	Loss 1.448 (1.471)	Acc@1 41.333 (36.667)
2023-10-08 09:27:10,826 [INFO] core.trainer:  * Acc@1 36.667 
2023-10-08 09:27:10,828 [INFO] core.trainer: ============ Validation on the val set ============
2023-10-08 09:27:16,877 [INFO] core.trainer: Epoch-(17): [100/100]	Time 0.076 (0.120)	Calc 0.047 (0.027)	Data 0.026 (0.091)	Acc@1 36.000 (39.453)
2023-10-08 09:27:16,882 [INFO] core.trainer:  * Acc@1 39.453 Best acc 39.827
2023-10-08 09:27:16,884 [INFO] core.trainer: ============ Testing on the test set ============
2023-10-08 09:27:22,635 [INFO] core.trainer: Epoch-(17): [100/100]	Time 0.354 (0.114)	Calc 0.349 (0.062)	Data 0.004 (0.050)	Acc@1 42.000 (35.360)
2023-10-08 09:27:22,644 [INFO] core.trainer:  * Acc@1 35.360 Best acc 33.600
2023-10-08 09:27:22,645 [INFO] core.trainer:  * Time: 0:05:43/0:15:52.777778
2023-10-08 09:27:22,661 [INFO] core.trainer: ============ Train on the train set ============
2023-10-08 09:27:22,663 [INFO] core.trainer: learning rate: [0.01]
2023-10-08 09:27:29,623 [INFO] core.trainer: Epoch-(18): [100/100]	Time 0.056 (0.138)	Calc 0.016 (0.048)	Data 0.034 (0.074)	Loss 1.296 (1.460)	Acc@1 42.000 (38.053)
2023-10-08 09:27:29,627 [INFO] core.trainer:  * Acc@1 38.053 
2023-10-08 09:27:29,628 [INFO] core.trainer: ============ Validation on the val set ============
2023-10-08 09:27:34,771 [INFO] core.trainer: Epoch-(18): [100/100]	Time 0.011 (0.102)	Calc 0.008 (0.044)	Data 0.001 (0.055)	Acc@1 35.333 (39.520)
2023-10-08 09:27:34,778 [INFO] core.trainer:  * Acc@1 39.520 Best acc 39.827
2023-10-08 09:27:34,780 [INFO] core.trainer: ============ Testing on the test set ============
2023-10-08 09:27:41,680 [INFO] core.trainer: Epoch-(18): [100/100]	Time 0.016 (0.137)	Calc 0.012 (0.096)	Data 0.002 (0.037)	Acc@1 36.000 (36.533)
2023-10-08 09:27:41,695 [INFO] core.trainer:  * Acc@1 36.533 Best acc 33.600
2023-10-08 09:27:41,697 [INFO] core.trainer:  * Time: 0:06:02/0:15:52.631579
2023-10-08 09:27:41,705 [INFO] core.trainer: ============ Train on the train set ============
2023-10-08 09:27:41,708 [INFO] core.trainer: learning rate: [0.01]
2023-10-08 09:27:49,089 [INFO] core.trainer: Epoch-(19): [100/100]	Time 0.764 (0.147)	Calc 0.739 (0.100)	Data 0.006 (0.032)	Loss 1.543 (1.444)	Acc@1 34.667 (38.080)
2023-10-08 09:27:49,094 [INFO] core.trainer:  * Acc@1 38.080 
2023-10-08 09:27:49,095 [INFO] core.trainer: ============ Validation on the val set ============
2023-10-08 09:27:55,376 [INFO] core.trainer: Epoch-(19): [100/100]	Time 0.018 (0.125)	Calc 0.014 (0.073)	Data 0.001 (0.050)	Acc@1 43.333 (40.600)
2023-10-08 09:27:55,640 [INFO] core.trainer:  * Acc@1 40.600 Best acc 39.827
2023-10-08 09:27:55,649 [INFO] core.trainer: ============ Testing on the test set ============
2023-10-08 09:28:01,216 [INFO] core.trainer: Epoch-(19): [100/100]	Time 0.293 (0.111)	Calc 0.006 (0.017)	Data 0.285 (0.091)	Acc@1 35.333 (35.640)
2023-10-08 09:28:01,219 [INFO] core.trainer:  * Acc@1 35.640 Best acc 33.600
2023-10-08 09:28:01,221 [INFO] core.trainer:  * Time: 0:06:22/0:15:55
2023-10-08 09:28:01,244 [INFO] core.trainer: ============ Train on the train set ============
2023-10-08 09:28:01,249 [INFO] core.trainer: learning rate: [0.01]
2023-10-08 09:28:08,394 [INFO] core.trainer: Epoch-(20): [100/100]	Time 0.041 (0.142)	Calc 0.026 (0.045)	Data 0.002 (0.082)	Loss 1.599 (1.472)	Acc@1 25.333 (37.387)
2023-10-08 09:28:08,399 [INFO] core.trainer:  * Acc@1 37.387 
2023-10-08 09:28:08,400 [INFO] core.trainer: ============ Validation on the val set ============
2023-10-08 09:28:14,077 [INFO] core.trainer: Epoch-(20): [100/100]	Time 0.022 (0.113)	Calc 0.007 (0.096)	Data 0.013 (0.014)	Acc@1 39.333 (39.867)
2023-10-08 09:28:14,083 [INFO] core.trainer:  * Acc@1 39.867 Best acc 40.600
2023-10-08 09:28:14,085 [INFO] core.trainer: ============ Testing on the test set ============
2023-10-08 09:28:20,726 [INFO] core.trainer: Epoch-(20): [100/100]	Time 0.022 (0.132)	Calc 0.018 (0.117)	Data 0.001 (0.011)	Acc@1 38.000 (35.133)
2023-10-08 09:28:20,730 [INFO] core.trainer:  * Acc@1 35.133 Best acc 35.640
2023-10-08 09:28:20,732 [INFO] core.trainer:  * Time: 0:06:41/0:15:54.761905
2023-10-08 09:28:20,770 [INFO] core.trainer: ============ Train on the train set ============
2023-10-08 09:28:20,772 [INFO] core.trainer: learning rate: [0.01]
2023-10-08 09:28:28,561 [INFO] core.trainer: Epoch-(21): [100/100]	Time 0.724 (0.155)	Calc 0.716 (0.123)	Data 0.001 (0.020)	Loss 1.395 (1.458)	Acc@1 48.667 (37.853)
2023-10-08 09:28:28,568 [INFO] core.trainer:  * Acc@1 37.853 
2023-10-08 09:28:28,569 [INFO] core.trainer: ============ Validation on the val set ============
2023-10-08 09:28:34,980 [INFO] core.trainer: Epoch-(21): [100/100]	Time 0.015 (0.128)	Calc 0.013 (0.072)	Data 0.001 (0.052)	Acc@1 36.667 (38.813)
2023-10-08 09:28:34,984 [INFO] core.trainer:  * Acc@1 38.813 Best acc 40.600
2023-10-08 09:28:34,986 [INFO] core.trainer: ============ Testing on the test set ============
2023-10-08 09:28:41,130 [INFO] core.trainer: Epoch-(21): [100/100]	Time 0.017 (0.122)	Calc 0.012 (0.031)	Data 0.001 (0.088)	Acc@1 30.000 (37.373)
2023-10-08 09:28:41,140 [INFO] core.trainer:  * Acc@1 37.373 Best acc 35.640
2023-10-08 09:28:41,143 [INFO] core.trainer:  * Time: 0:07:02/0:15:59.090909
2023-10-08 09:28:41,152 [INFO] core.trainer: ============ Train on the train set ============
2023-10-08 09:28:41,154 [INFO] core.trainer: learning rate: [0.01]
2023-10-08 09:28:47,708 [INFO] core.trainer: Epoch-(22): [100/100]	Time 0.104 (0.130)	Calc 0.024 (0.061)	Data 0.076 (0.056)	Loss 1.631 (1.420)	Acc@1 26.000 (37.760)
2023-10-08 09:28:47,713 [INFO] core.trainer:  * Acc@1 37.760 
2023-10-08 09:28:47,715 [INFO] core.trainer: ============ Validation on the val set ============
2023-10-08 09:28:52,950 [INFO] core.trainer: Epoch-(22): [100/100]	Time 0.009 (0.104)	Calc 0.006 (0.047)	Data 0.001 (0.055)	Acc@1 45.333 (37.133)
2023-10-08 09:28:52,954 [INFO] core.trainer:  * Acc@1 37.133 Best acc 40.600
2023-10-08 09:28:52,956 [INFO] core.trainer: ============ Testing on the test set ============
2023-10-08 09:28:59,741 [INFO] core.trainer: Epoch-(22): [100/100]	Time 0.032 (0.135)	Calc 0.029 (0.118)	Data 0.001 (0.013)	Acc@1 40.000 (37.253)
2023-10-08 09:28:59,746 [INFO] core.trainer:  * Acc@1 37.253 Best acc 35.640
2023-10-08 09:28:59,747 [INFO] core.trainer:  * Time: 0:07:20/0:15:56.521739
2023-10-08 09:28:59,754 [INFO] core.trainer: ============ Train on the train set ============
2023-10-08 09:28:59,755 [INFO] core.trainer: learning rate: [0.01]
2023-10-08 09:29:06,834 [INFO] core.trainer: Epoch-(23): [100/100]	Time 0.027 (0.141)	Calc 0.019 (0.126)	Data 0.001 (0.004)	Loss 1.290 (1.429)	Acc@1 46.000 (38.920)
2023-10-08 09:29:06,844 [INFO] core.trainer:  * Acc@1 38.920 
2023-10-08 09:29:06,846 [INFO] core.trainer: ============ Validation on the val set ============
2023-10-08 09:29:13,725 [INFO] core.trainer: Epoch-(23): [100/100]	Time 0.015 (0.137)	Calc 0.013 (0.040)	Data 0.001 (0.094)	Acc@1 46.000 (39.280)
2023-10-08 09:29:13,728 [INFO] core.trainer:  * Acc@1 39.280 Best acc 40.600
2023-10-08 09:29:13,729 [INFO] core.trainer: ============ Testing on the test set ============
2023-10-08 09:29:20,127 [INFO] core.trainer: Epoch-(23): [100/100]	Time 0.907 (0.127)	Calc 0.006 (0.039)	Data 0.899 (0.084)	Acc@1 32.667 (35.907)
2023-10-08 09:29:20,131 [INFO] core.trainer:  * Acc@1 35.907 Best acc 35.640
2023-10-08 09:29:20,132 [INFO] core.trainer:  * Time: 0:07:41/0:16:00.416667
2023-10-08 09:29:20,138 [INFO] core.trainer: ============ Train on the train set ============
2023-10-08 09:29:20,140 [INFO] core.trainer: learning rate: [0.01]
2023-10-08 09:29:26,322 [INFO] core.trainer: Epoch-(24): [100/100]	Time 0.243 (0.123)	Calc 0.027 (0.047)	Data 0.211 (0.064)	Loss 1.191 (1.411)	Acc@1 46.667 (39.240)
2023-10-08 09:29:26,333 [INFO] core.trainer:  * Acc@1 39.240 
2023-10-08 09:29:26,337 [INFO] core.trainer: ============ Validation on the val set ============
2023-10-08 09:29:31,615 [INFO] core.trainer: Epoch-(24): [100/100]	Time 0.013 (0.105)	Calc 0.010 (0.026)	Data 0.001 (0.076)	Acc@1 34.667 (40.107)
2023-10-08 09:29:31,625 [INFO] core.trainer:  * Acc@1 40.107 Best acc 40.600
2023-10-08 09:29:31,627 [INFO] core.trainer: ============ Testing on the test set ============
2023-10-08 09:29:37,779 [INFO] core.trainer: Epoch-(24): [100/100]	Time 0.014 (0.122)	Calc 0.012 (0.039)	Data 0.001 (0.079)	Acc@1 32.667 (36.733)
2023-10-08 09:29:37,796 [INFO] core.trainer:  * Acc@1 36.733 Best acc 35.640
2023-10-08 09:29:37,800 [INFO] core.trainer:  * Time: 0:07:58/0:15:56
2023-10-08 09:29:37,810 [INFO] core.trainer: ============ Train on the train set ============
2023-10-08 09:29:37,812 [INFO] core.trainer: learning rate: [0.01]
2023-10-08 09:29:43,743 [INFO] core.trainer: Epoch-(25): [100/100]	Time 0.163 (0.118)	Calc 0.089 (0.077)	Data 0.056 (0.027)	Loss 1.490 (1.446)	Acc@1 39.333 (38.573)
2023-10-08 09:29:43,751 [INFO] core.trainer:  * Acc@1 38.573 
2023-10-08 09:29:43,753 [INFO] core.trainer: ============ Validation on the val set ============
2023-10-08 09:29:50,428 [INFO] core.trainer: Epoch-(25): [100/100]	Time 0.100 (0.133)	Calc 0.065 (0.029)	Data 0.034 (0.100)	Acc@1 35.333 (39.333)
2023-10-08 09:29:50,432 [INFO] core.trainer:  * Acc@1 39.333 Best acc 40.600
2023-10-08 09:29:50,434 [INFO] core.trainer: ============ Testing on the test set ============
2023-10-08 09:29:56,660 [INFO] core.trainer: Epoch-(25): [100/100]	Time 0.265 (0.124)	Calc 0.007 (0.057)	Data 0.256 (0.065)	Acc@1 46.000 (38.293)
2023-10-08 09:29:56,664 [INFO] core.trainer:  * Acc@1 38.293 Best acc 35.640
2023-10-08 09:29:56,666 [INFO] core.trainer:  * Time: 0:08:17/0:15:55.769231
2023-10-08 09:29:56,673 [INFO] core.trainer: ============ Train on the train set ============
2023-10-08 09:29:56,674 [INFO] core.trainer: learning rate: [0.01]
2023-10-08 09:30:03,147 [INFO] core.trainer: Epoch-(26): [100/100]	Time 0.056 (0.128)	Calc 0.040 (0.045)	Data 0.001 (0.070)	Loss 1.298 (1.438)	Acc@1 46.000 (37.560)
2023-10-08 09:30:03,154 [INFO] core.trainer:  * Acc@1 37.560 
2023-10-08 09:30:03,156 [INFO] core.trainer: ============ Validation on the val set ============
2023-10-08 09:30:09,306 [INFO] core.trainer: Epoch-(26): [100/100]	Time 0.017 (0.122)	Calc 0.015 (0.076)	Data 0.001 (0.044)	Acc@1 41.333 (39.907)
2023-10-08 09:30:09,312 [INFO] core.trainer:  * Acc@1 39.907 Best acc 40.600
2023-10-08 09:30:09,314 [INFO] core.trainer: ============ Testing on the test set ============
2023-10-08 09:30:15,312 [INFO] core.trainer: Epoch-(26): [100/100]	Time 0.024 (0.119)	Calc 0.021 (0.079)	Data 0.001 (0.037)	Acc@1 36.000 (36.027)
2023-10-08 09:30:15,319 [INFO] core.trainer:  * Acc@1 36.027 Best acc 35.640
2023-10-08 09:30:15,321 [INFO] core.trainer:  * Time: 0:08:36/0:15:55.555556
2023-10-08 09:30:15,327 [INFO] core.trainer: ============ Train on the train set ============
2023-10-08 09:30:15,329 [INFO] core.trainer: learning rate: [0.01]
2023-10-08 09:30:22,715 [INFO] core.trainer: Epoch-(27): [100/100]	Time 0.252 (0.147)	Calc 0.230 (0.123)	Data 0.002 (0.009)	Loss 1.198 (1.464)	Acc@1 44.000 (38.000)
2023-10-08 09:30:22,724 [INFO] core.trainer:  * Acc@1 38.000 
2023-10-08 09:30:22,725 [INFO] core.trainer: ============ Validation on the val set ============
2023-10-08 09:30:28,082 [INFO] core.trainer: Epoch-(27): [100/100]	Time 0.008 (0.107)	Calc 0.006 (0.016)	Data 0.001 (0.089)	Acc@1 44.000 (39.307)
2023-10-08 09:30:28,085 [INFO] core.trainer:  * Acc@1 39.307 Best acc 40.600
2023-10-08 09:30:28,087 [INFO] core.trainer: ============ Testing on the test set ============
2023-10-08 09:30:34,315 [INFO] core.trainer: Epoch-(27): [100/100]	Time 0.023 (0.124)	Calc 0.010 (0.011)	Data 0.010 (0.109)	Acc@1 36.000 (37.573)
2023-10-08 09:30:34,332 [INFO] core.trainer:  * Acc@1 37.573 Best acc 35.640
2023-10-08 09:30:34,334 [INFO] core.trainer:  * Time: 0:08:55/0:15:55.357143
2023-10-08 09:30:34,341 [INFO] core.trainer: ============ Train on the train set ============
2023-10-08 09:30:34,345 [INFO] core.trainer: learning rate: [0.01]
2023-10-08 09:30:41,112 [INFO] core.trainer: Epoch-(28): [100/100]	Time 0.025 (0.134)	Calc 0.015 (0.120)	Data 0.001 (0.002)	Loss 1.531 (1.420)	Acc@1 35.333 (39.387)
2023-10-08 09:30:41,116 [INFO] core.trainer:  * Acc@1 39.387 
2023-10-08 09:30:41,118 [INFO] core.trainer: ============ Validation on the val set ============
2023-10-08 09:30:48,084 [INFO] core.trainer: Epoch-(28): [100/100]	Time 0.010 (0.138)	Calc 0.007 (0.113)	Data 0.002 (0.022)	Acc@1 44.000 (39.573)
2023-10-08 09:30:48,089 [INFO] core.trainer:  * Acc@1 39.573 Best acc 40.600
2023-10-08 09:30:48,090 [INFO] core.trainer: ============ Testing on the test set ============
2023-10-08 09:30:53,303 [INFO] core.trainer: Epoch-(28): [100/100]	Time 0.017 (0.104)	Calc 0.013 (0.031)	Data 0.002 (0.070)	Acc@1 35.333 (37.693)
2023-10-08 09:30:53,307 [INFO] core.trainer:  * Acc@1 37.693 Best acc 35.640
2023-10-08 09:30:53,309 [INFO] core.trainer:  * Time: 0:09:14/0:15:55.172414
2023-10-08 09:30:53,314 [INFO] core.trainer: ============ Train on the train set ============
2023-10-08 09:30:53,316 [INFO] core.trainer: learning rate: [0.01]
2023-10-08 09:31:00,759 [INFO] core.trainer: Epoch-(29): [100/100]	Time 0.104 (0.148)	Calc 0.069 (0.080)	Data 0.001 (0.054)	Loss 1.152 (1.427)	Acc@1 42.000 (38.307)
2023-10-08 09:31:00,764 [INFO] core.trainer:  * Acc@1 38.307 
2023-10-08 09:31:00,766 [INFO] core.trainer: ============ Validation on the val set ============
2023-10-08 09:31:07,382 [INFO] core.trainer: Epoch-(29): [100/100]	Time 0.417 (0.132)	Calc 0.014 (0.017)	Data 0.401 (0.112)	Acc@1 43.333 (39.427)
2023-10-08 09:31:07,389 [INFO] core.trainer:  * Acc@1 39.427 Best acc 40.600
2023-10-08 09:31:07,392 [INFO] core.trainer: ============ Testing on the test set ============
2023-10-08 09:31:13,363 [INFO] core.trainer: Epoch-(29): [100/100]	Time 0.039 (0.119)	Calc 0.036 (0.067)	Data 0.001 (0.047)	Acc@1 44.667 (37.373)
2023-10-08 09:31:13,368 [INFO] core.trainer:  * Acc@1 37.373 Best acc 35.640
2023-10-08 09:31:13,369 [INFO] core.trainer:  * Time: 0:09:34/0:15:56.666667
2023-10-08 09:31:13,375 [INFO] core.trainer: ============ Train on the train set ============
2023-10-08 09:31:13,376 [INFO] core.trainer: learning rate: [0.01]
2023-10-08 09:31:19,508 [INFO] core.trainer: Epoch-(30): [100/100]	Time 0.035 (0.122)	Calc 0.026 (0.080)	Data 0.001 (0.031)	Loss 1.585 (1.409)	Acc@1 36.667 (38.907)
2023-10-08 09:31:19,513 [INFO] core.trainer:  * Acc@1 38.907 
2023-10-08 09:31:19,515 [INFO] core.trainer: ============ Validation on the val set ============
2023-10-08 09:31:26,138 [INFO] core.trainer: Epoch-(30): [100/100]	Time 0.392 (0.131)	Calc 0.006 (0.034)	Data 0.384 (0.094)	Acc@1 36.667 (41.560)
2023-10-08 09:31:26,142 [INFO] core.trainer:  * Acc@1 41.560 Best acc 40.600
2023-10-08 09:31:26,144 [INFO] core.trainer: ============ Testing on the test set ============
2023-10-08 09:31:32,596 [INFO] core.trainer: Epoch-(30): [100/100]	Time 0.017 (0.129)	Calc 0.014 (0.116)	Data 0.001 (0.010)	Acc@1 29.333 (37.053)
2023-10-08 09:31:32,601 [INFO] core.trainer:  * Acc@1 37.053 Best acc 35.640
2023-10-08 09:31:32,603 [INFO] core.trainer:  * Time: 0:09:53/0:15:56.451613
2023-10-08 09:31:32,622 [INFO] core.trainer: ============ Train on the train set ============
2023-10-08 09:31:32,624 [INFO] core.trainer: learning rate: [0.01]
2023-10-08 09:31:39,499 [INFO] core.trainer: Epoch-(31): [100/100]	Time 0.068 (0.137)	Calc 0.049 (0.049)	Data 0.001 (0.074)	Loss 1.637 (1.418)	Acc@1 31.333 (39.547)
2023-10-08 09:31:39,504 [INFO] core.trainer:  * Acc@1 39.547 
2023-10-08 09:31:39,506 [INFO] core.trainer: ============ Validation on the val set ============
2023-10-08 09:31:45,620 [INFO] core.trainer: Epoch-(31): [100/100]	Time 0.015 (0.122)	Calc 0.010 (0.027)	Data 0.001 (0.091)	Acc@1 43.333 (39.947)
2023-10-08 09:31:45,625 [INFO] core.trainer:  * Acc@1 39.947 Best acc 41.560
2023-10-08 09:31:45,627 [INFO] core.trainer: ============ Testing on the test set ============
2023-10-08 09:31:51,364 [INFO] core.trainer: Epoch-(31): [100/100]	Time 0.263 (0.114)	Calc 0.135 (0.061)	Data 0.127 (0.050)	Acc@1 34.000 (37.347)
2023-10-08 09:31:51,368 [INFO] core.trainer:  * Acc@1 37.347 Best acc 37.053
2023-10-08 09:31:51,370 [INFO] core.trainer:  * Time: 0:10:12/0:15:56.250000
2023-10-08 09:31:51,376 [INFO] core.trainer: ============ Train on the train set ============
2023-10-08 09:31:51,378 [INFO] core.trainer: learning rate: [0.01]
2023-10-08 09:31:57,847 [INFO] core.trainer: Epoch-(32): [100/100]	Time 0.040 (0.129)	Calc 0.027 (0.093)	Data 0.006 (0.022)	Loss 1.242 (1.395)	Acc@1 44.000 (39.213)
2023-10-08 09:31:57,858 [INFO] core.trainer:  * Acc@1 39.213 
2023-10-08 09:31:57,860 [INFO] core.trainer: ============ Validation on the val set ============
2023-10-08 09:32:04,558 [INFO] core.trainer: Epoch-(32): [100/100]	Time 0.429 (0.133)	Calc 0.427 (0.110)	Data 0.001 (0.021)	Acc@1 45.333 (41.013)
2023-10-08 09:32:04,562 [INFO] core.trainer:  * Acc@1 41.013 Best acc 41.560
2023-10-08 09:32:04,563 [INFO] core.trainer: ============ Testing on the test set ============
2023-10-08 09:32:10,299 [INFO] core.trainer: Epoch-(32): [100/100]	Time 0.315 (0.114)	Calc 0.308 (0.080)	Data 0.001 (0.031)	Acc@1 32.667 (39.507)
2023-10-08 09:32:10,305 [INFO] core.trainer:  * Acc@1 39.507 Best acc 37.053
2023-10-08 09:32:10,307 [INFO] core.trainer:  * Time: 0:10:31/0:15:56.060606
2023-10-08 09:32:10,323 [INFO] core.trainer: ============ Train on the train set ============
2023-10-08 09:32:10,326 [INFO] core.trainer: learning rate: [0.01]
2023-10-08 09:32:17,077 [INFO] core.trainer: Epoch-(33): [100/100]	Time 0.025 (0.134)	Calc 0.017 (0.099)	Data 0.001 (0.022)	Loss 1.466 (1.423)	Acc@1 36.000 (39.013)
2023-10-08 09:32:17,083 [INFO] core.trainer:  * Acc@1 39.013 
2023-10-08 09:32:17,085 [INFO] core.trainer: ============ Validation on the val set ============
2023-10-08 09:32:23,414 [INFO] core.trainer: Epoch-(33): [100/100]	Time 0.010 (0.126)	Calc 0.006 (0.063)	Data 0.001 (0.059)	Acc@1 48.000 (41.640)
2023-10-08 09:32:23,418 [INFO] core.trainer:  * Acc@1 41.640 Best acc 41.560
2023-10-08 09:32:23,419 [INFO] core.trainer: ============ Testing on the test set ============
2023-10-08 09:32:29,042 [INFO] core.trainer: Epoch-(33): [100/100]	Time 0.280 (0.112)	Calc 0.007 (0.056)	Data 0.271 (0.054)	Acc@1 50.000 (37.413)
2023-10-08 09:32:29,048 [INFO] core.trainer:  * Acc@1 37.413 Best acc 37.053
2023-10-08 09:32:29,050 [INFO] core.trainer:  * Time: 0:10:49/0:15:54.411765
2023-10-08 09:32:29,067 [INFO] core.trainer: ============ Train on the train set ============
2023-10-08 09:32:29,070 [INFO] core.trainer: learning rate: [0.01]
2023-10-08 09:32:35,705 [INFO] core.trainer: Epoch-(34): [100/100]	Time 0.045 (0.132)	Calc 0.023 (0.100)	Data 0.001 (0.020)	Loss 1.360 (1.419)	Acc@1 40.000 (38.227)
2023-10-08 09:32:35,710 [INFO] core.trainer:  * Acc@1 38.227 
2023-10-08 09:32:35,712 [INFO] core.trainer: ============ Validation on the val set ============
2023-10-08 09:32:42,528 [INFO] core.trainer: Epoch-(34): [100/100]	Time 0.016 (0.136)	Calc 0.014 (0.089)	Data 0.001 (0.045)	Acc@1 37.333 (40.453)
2023-10-08 09:32:42,532 [INFO] core.trainer:  * Acc@1 40.453 Best acc 41.640
2023-10-08 09:32:42,533 [INFO] core.trainer: ============ Testing on the test set ============
2023-10-08 09:32:48,028 [INFO] core.trainer: Epoch-(34): [100/100]	Time 0.378 (0.109)	Calc 0.012 (0.022)	Data 0.363 (0.085)	Acc@1 38.667 (37.787)
2023-10-08 09:32:48,033 [INFO] core.trainer:  * Acc@1 37.787 Best acc 37.413
2023-10-08 09:32:48,035 [INFO] core.trainer:  * Time: 0:11:08/0:15:54.285714
2023-10-08 09:32:48,042 [INFO] core.trainer: ============ Train on the train set ============
2023-10-08 09:32:48,044 [INFO] core.trainer: learning rate: [0.01]
2023-10-08 09:32:55,017 [INFO] core.trainer: Epoch-(35): [100/100]	Time 0.082 (0.139)	Calc 0.045 (0.055)	Data 0.002 (0.069)	Loss 1.142 (1.431)	Acc@1 55.333 (38.627)
2023-10-08 09:32:55,025 [INFO] core.trainer:  * Acc@1 38.627 
2023-10-08 09:32:55,027 [INFO] core.trainer: ============ Validation on the val set ============
2023-10-08 09:33:01,833 [INFO] core.trainer: Epoch-(35): [100/100]	Time 0.020 (0.135)	Calc 0.011 (0.030)	Data 0.001 (0.101)	Acc@1 48.667 (41.040)
2023-10-08 09:33:01,837 [INFO] core.trainer:  * Acc@1 41.040 Best acc 41.640
2023-10-08 09:33:01,839 [INFO] core.trainer: ============ Testing on the test set ============
2023-10-08 09:33:06,247 [INFO] core.trainer: Epoch-(35): [100/100]	Time 0.253 (0.088)	Calc 0.249 (0.067)	Data 0.001 (0.018)	Acc@1 40.667 (38.067)
2023-10-08 09:33:06,252 [INFO] core.trainer:  * Acc@1 38.067 Best acc 37.413
2023-10-08 09:33:06,253 [INFO] core.trainer:  * Time: 0:11:27/0:15:54.166667
2023-10-08 09:33:06,260 [INFO] core.trainer: ============ Train on the train set ============
2023-10-08 09:33:06,262 [INFO] core.trainer: learning rate: [0.01]
2023-10-08 09:33:12,924 [INFO] core.trainer: Epoch-(36): [100/100]	Time 0.029 (0.133)	Calc 0.021 (0.068)	Data 0.001 (0.051)	Loss 1.465 (1.438)	Acc@1 46.000 (38.707)
2023-10-08 09:33:12,929 [INFO] core.trainer:  * Acc@1 38.707 
2023-10-08 09:33:12,930 [INFO] core.trainer: ============ Validation on the val set ============
2023-10-08 09:33:18,493 [INFO] core.trainer: Epoch-(36): [100/100]	Time 0.012 (0.111)	Calc 0.007 (0.019)	Data 0.001 (0.088)	Acc@1 43.333 (39.693)
2023-10-08 09:33:18,501 [INFO] core.trainer:  * Acc@1 39.693 Best acc 41.640
2023-10-08 09:33:18,506 [INFO] core.trainer: ============ Testing on the test set ============
2023-10-08 09:33:24,999 [INFO] core.trainer: Epoch-(36): [100/100]	Time 0.190 (0.128)	Calc 0.180 (0.069)	Data 0.007 (0.054)	Acc@1 31.333 (37.187)
2023-10-08 09:33:25,004 [INFO] core.trainer:  * Acc@1 37.187 Best acc 37.413
2023-10-08 09:33:25,005 [INFO] core.trainer:  * Time: 0:11:45/0:15:52.702703
2023-10-08 09:33:25,012 [INFO] core.trainer: ============ Train on the train set ============
2023-10-08 09:33:25,014 [INFO] core.trainer: learning rate: [0.01]
2023-10-08 09:33:31,198 [INFO] core.trainer: Epoch-(37): [100/100]	Time 0.246 (0.123)	Calc 0.225 (0.098)	Data 0.004 (0.015)	Loss 1.436 (1.396)	Acc@1 42.667 (40.240)
2023-10-08 09:33:31,202 [INFO] core.trainer:  * Acc@1 40.240 
2023-10-08 09:33:31,203 [INFO] core.trainer: ============ Validation on the val set ============
2023-10-08 09:33:38,372 [INFO] core.trainer: Epoch-(37): [100/100]	Time 0.014 (0.143)	Calc 0.010 (0.091)	Data 0.001 (0.049)	Acc@1 34.667 (40.507)
2023-10-08 09:33:38,376 [INFO] core.trainer:  * Acc@1 40.507 Best acc 41.640
2023-10-08 09:33:38,378 [INFO] core.trainer: ============ Testing on the test set ============
2023-10-08 09:33:44,016 [INFO] core.trainer: Epoch-(37): [100/100]	Time 0.009 (0.112)	Calc 0.006 (0.046)	Data 0.001 (0.063)	Acc@1 32.000 (36.480)
2023-10-08 09:33:44,019 [INFO] core.trainer:  * Acc@1 36.480 Best acc 37.413
2023-10-08 09:33:44,021 [INFO] core.trainer:  * Time: 0:12:04/0:15:52.631579
2023-10-08 09:33:44,029 [INFO] core.trainer: ============ Train on the train set ============
2023-10-08 09:33:44,031 [INFO] core.trainer: learning rate: [0.01]
2023-10-08 09:33:51,294 [INFO] core.trainer: Epoch-(38): [100/100]	Time 0.057 (0.144)	Calc 0.043 (0.051)	Data 0.001 (0.079)	Loss 1.539 (1.413)	Acc@1 31.333 (38.920)
2023-10-08 09:33:51,299 [INFO] core.trainer:  * Acc@1 38.920 
2023-10-08 09:33:51,302 [INFO] core.trainer: ============ Validation on the val set ============
2023-10-08 09:33:57,818 [INFO] core.trainer: Epoch-(38): [100/100]	Time 0.369 (0.130)	Calc 0.364 (0.055)	Data 0.001 (0.071)	Acc@1 39.333 (41.373)
2023-10-08 09:33:57,822 [INFO] core.trainer:  * Acc@1 41.373 Best acc 41.640
2023-10-08 09:33:57,824 [INFO] core.trainer: ============ Testing on the test set ============
2023-10-08 09:34:04,303 [INFO] core.trainer: Epoch-(38): [100/100]	Time 0.016 (0.129)	Calc 0.014 (0.013)	Data 0.001 (0.112)	Acc@1 41.333 (36.987)
2023-10-08 09:34:04,307 [INFO] core.trainer:  * Acc@1 36.987 Best acc 37.413
2023-10-08 09:34:04,308 [INFO] core.trainer:  * Time: 0:12:25/0:15:55.128205
2023-10-08 09:34:04,314 [INFO] core.trainer: ============ Train on the train set ============
2023-10-08 09:34:04,316 [INFO] core.trainer: learning rate: [0.01]
2023-10-08 09:34:10,255 [INFO] core.trainer: Epoch-(39): [100/100]	Time 0.288 (0.118)	Calc 0.047 (0.037)	Data 0.214 (0.071)	Loss 1.480 (1.429)	Acc@1 33.333 (39.240)
2023-10-08 09:34:10,274 [INFO] core.trainer:  * Acc@1 39.240 
2023-10-08 09:34:10,276 [INFO] core.trainer: ============ Validation on the val set ============
2023-10-08 09:34:16,813 [INFO] core.trainer: Epoch-(39): [100/100]	Time 0.352 (0.130)	Calc 0.007 (0.012)	Data 0.343 (0.113)	Acc@1 43.333 (40.653)
2023-10-08 09:34:16,816 [INFO] core.trainer:  * Acc@1 40.653 Best acc 41.640
2023-10-08 09:34:16,818 [INFO] core.trainer: ============ Testing on the test set ============
2023-10-08 09:34:23,066 [INFO] core.trainer: Epoch-(39): [100/100]	Time 0.313 (0.124)	Calc 0.310 (0.114)	Data 0.001 (0.008)	Acc@1 35.333 (36.160)
2023-10-08 09:34:23,071 [INFO] core.trainer:  * Acc@1 36.160 Best acc 37.413
2023-10-08 09:34:23,073 [INFO] core.trainer:  * Time: 0:12:43/0:15:53.750000
2023-10-08 09:34:23,081 [INFO] core.trainer: ============ Train on the train set ============
2023-10-08 09:34:23,082 [INFO] core.trainer: learning rate: [0.01]
2023-10-08 09:34:29,654 [INFO] core.trainer: Epoch-(40): [100/100]	Time 0.024 (0.131)	Calc 0.017 (0.091)	Data 0.001 (0.027)	Loss 1.414 (1.417)	Acc@1 41.333 (39.240)
2023-10-08 09:34:29,659 [INFO] core.trainer:  * Acc@1 39.240 
2023-10-08 09:34:29,661 [INFO] core.trainer: ============ Validation on the val set ============
2023-10-08 09:34:36,389 [INFO] core.trainer: Epoch-(40): [100/100]	Time 0.374 (0.134)	Calc 0.371 (0.096)	Data 0.001 (0.034)	Acc@1 36.667 (42.107)
2023-10-08 09:34:36,420 [INFO] core.trainer:  * Acc@1 42.107 Best acc 41.640
2023-10-08 09:34:36,422 [INFO] core.trainer: ============ Testing on the test set ============
2023-10-08 09:34:41,939 [INFO] core.trainer: Epoch-(40): [100/100]	Time 0.017 (0.110)	Calc 0.014 (0.029)	Data 0.001 (0.077)	Acc@1 45.333 (37.200)
2023-10-08 09:34:41,943 [INFO] core.trainer:  * Acc@1 37.200 Best acc 37.413
2023-10-08 09:34:41,946 [INFO] core.trainer:  * Time: 0:13:02/0:15:53.658537
2023-10-08 09:34:41,970 [INFO] core.trainer: ============ Train on the train set ============
2023-10-08 09:34:41,972 [INFO] core.trainer: learning rate: [0.01]
2023-10-08 09:34:48,773 [INFO] core.trainer: Epoch-(41): [100/100]	Time 0.041 (0.135)	Calc 0.017 (0.049)	Data 0.015 (0.074)	Loss 1.438 (1.400)	Acc@1 40.667 (41.107)
2023-10-08 09:34:48,779 [INFO] core.trainer:  * Acc@1 41.107 
2023-10-08 09:34:48,782 [INFO] core.trainer: ============ Validation on the val set ============
2023-10-08 09:34:55,327 [INFO] core.trainer: Epoch-(41): [100/100]	Time 0.371 (0.130)	Calc 0.368 (0.098)	Data 0.002 (0.028)	Acc@1 36.667 (41.573)
2023-10-08 09:34:55,332 [INFO] core.trainer:  * Acc@1 41.573 Best acc 42.107
2023-10-08 09:34:55,333 [INFO] core.trainer: ============ Testing on the test set ============
2023-10-08 09:34:59,715 [INFO] core.trainer: Epoch-(41): [100/100]	Time 0.017 (0.087)	Calc 0.013 (0.073)	Data 0.001 (0.012)	Acc@1 30.000 (36.547)
2023-10-08 09:34:59,722 [INFO] core.trainer:  * Acc@1 36.547 Best acc 37.200
2023-10-08 09:34:59,724 [INFO] core.trainer:  * Time: 0:13:20/0:15:52.380952
2023-10-08 09:34:59,733 [INFO] core.trainer: ============ Train on the train set ============
2023-10-08 09:34:59,736 [INFO] core.trainer: learning rate: [0.01]
2023-10-08 09:35:06,880 [INFO] core.trainer: Epoch-(42): [100/100]	Time 0.226 (0.142)	Calc 0.207 (0.045)	Data 0.001 (0.081)	Loss 1.580 (1.431)	Acc@1 32.667 (39.307)
2023-10-08 09:35:06,883 [INFO] core.trainer:  * Acc@1 39.307 
2023-10-08 09:35:06,884 [INFO] core.trainer: ============ Validation on the val set ============
2023-10-08 09:35:12,884 [INFO] core.trainer: Epoch-(42): [100/100]	Time 0.017 (0.120)	Calc 0.006 (0.103)	Data 0.008 (0.014)	Acc@1 44.000 (40.227)
2023-10-08 09:35:12,900 [INFO] core.trainer:  * Acc@1 40.227 Best acc 42.107
2023-10-08 09:35:12,904 [INFO] core.trainer: ============ Testing on the test set ============
2023-10-08 09:35:18,739 [INFO] core.trainer: Epoch-(42): [100/100]	Time 0.010 (0.116)	Calc 0.008 (0.073)	Data 0.001 (0.040)	Acc@1 31.333 (36.533)
2023-10-08 09:35:18,743 [INFO] core.trainer:  * Acc@1 36.533 Best acc 37.200
2023-10-08 09:35:18,744 [INFO] core.trainer:  * Time: 0:13:39/0:15:52.325581
2023-10-08 09:35:18,750 [INFO] core.trainer: ============ Train on the train set ============
2023-10-08 09:35:18,751 [INFO] core.trainer: learning rate: [0.01]
2023-10-08 09:35:25,124 [INFO] core.trainer: Epoch-(43): [100/100]	Time 0.061 (0.127)	Calc 0.040 (0.085)	Data 0.002 (0.030)	Loss 1.456 (1.445)	Acc@1 38.000 (38.827)
2023-10-08 09:35:25,131 [INFO] core.trainer:  * Acc@1 38.827 
2023-10-08 09:35:25,132 [INFO] core.trainer: ============ Validation on the val set ============
2023-10-08 09:35:32,359 [INFO] core.trainer: Epoch-(43): [100/100]	Time 0.407 (0.144)	Calc 0.389 (0.105)	Data 0.015 (0.036)	Acc@1 40.000 (40.267)
2023-10-08 09:35:32,363 [INFO] core.trainer:  * Acc@1 40.267 Best acc 42.107
2023-10-08 09:35:32,365 [INFO] core.trainer: ============ Testing on the test set ============
2023-10-08 09:35:36,860 [INFO] core.trainer: Epoch-(43): [100/100]	Time 0.168 (0.089)	Calc 0.008 (0.019)	Data 0.157 (0.067)	Acc@1 36.667 (36.933)
2023-10-08 09:35:36,865 [INFO] core.trainer:  * Acc@1 36.933 Best acc 37.200
2023-10-08 09:35:36,867 [INFO] core.trainer:  * Time: 0:13:57/0:15:51.136364
2023-10-08 09:35:36,876 [INFO] core.trainer: ============ Train on the train set ============
2023-10-08 09:35:36,879 [INFO] core.trainer: learning rate: [0.01]
2023-10-08 09:35:44,245 [INFO] core.trainer: Epoch-(44): [100/100]	Time 0.253 (0.147)	Calc 0.046 (0.043)	Data 0.190 (0.091)	Loss 1.086 (1.371)	Acc@1 52.000 (40.880)
2023-10-08 09:35:44,250 [INFO] core.trainer:  * Acc@1 40.880 
2023-10-08 09:35:44,251 [INFO] core.trainer: ============ Validation on the val set ============
2023-10-08 09:35:50,727 [INFO] core.trainer: Epoch-(44): [100/100]	Time 0.025 (0.129)	Calc 0.014 (0.039)	Data 0.000 (0.086)	Acc@1 44.667 (40.920)
2023-10-08 09:35:50,730 [INFO] core.trainer:  * Acc@1 40.920 Best acc 42.107
2023-10-08 09:35:50,731 [INFO] core.trainer: ============ Testing on the test set ============
2023-10-08 09:35:57,118 [INFO] core.trainer: Epoch-(44): [100/100]	Time 0.010 (0.127)	Calc 0.006 (0.044)	Data 0.001 (0.080)	Acc@1 26.667 (35.947)
2023-10-08 09:35:57,122 [INFO] core.trainer:  * Acc@1 35.947 Best acc 37.200
2023-10-08 09:35:57,124 [INFO] core.trainer:  * Time: 0:14:18/0:15:53.333333
2023-10-08 09:35:57,158 [INFO] core.trainer: ============ Train on the train set ============
2023-10-08 09:35:57,162 [INFO] core.trainer: learning rate: [0.01]
2023-10-08 09:36:03,555 [INFO] core.trainer: Epoch-(45): [100/100]	Time 0.277 (0.127)	Calc 0.257 (0.049)	Data 0.002 (0.065)	Loss 1.458 (1.452)	Acc@1 32.667 (39.187)
2023-10-08 09:36:03,562 [INFO] core.trainer:  * Acc@1 39.187 
2023-10-08 09:36:03,563 [INFO] core.trainer: ============ Validation on the val set ============
2023-10-08 09:36:10,844 [INFO] core.trainer: Epoch-(45): [100/100]	Time 0.017 (0.145)	Calc 0.015 (0.102)	Data 0.001 (0.039)	Acc@1 49.333 (41.853)
2023-10-08 09:36:10,851 [INFO] core.trainer:  * Acc@1 41.853 Best acc 42.107
2023-10-08 09:36:10,853 [INFO] core.trainer: ============ Testing on the test set ============
2023-10-08 09:36:15,504 [INFO] core.trainer: Epoch-(45): [100/100]	Time 0.014 (0.092)	Calc 0.011 (0.068)	Data 0.001 (0.022)	Acc@1 50.000 (38.267)
2023-10-08 09:36:15,508 [INFO] core.trainer:  * Acc@1 38.267 Best acc 37.200
2023-10-08 09:36:15,510 [INFO] core.trainer:  * Time: 0:14:36/0:15:52.173913
2023-10-08 09:36:15,518 [INFO] core.trainer: ============ Train on the train set ============
2023-10-08 09:36:15,521 [INFO] core.trainer: learning rate: [0.01]
2023-10-08 09:36:22,272 [INFO] core.trainer: Epoch-(46): [100/100]	Time 0.048 (0.134)	Calc 0.029 (0.044)	Data 0.015 (0.081)	Loss 1.301 (1.408)	Acc@1 42.000 (39.560)
2023-10-08 09:36:22,286 [INFO] core.trainer:  * Acc@1 39.560 
2023-10-08 09:36:22,288 [INFO] core.trainer: ============ Validation on the val set ============
2023-10-08 09:36:28,674 [INFO] core.trainer: Epoch-(46): [100/100]	Time 0.014 (0.127)	Calc 0.010 (0.022)	Data 0.001 (0.101)	Acc@1 32.667 (40.400)
2023-10-08 09:36:28,679 [INFO] core.trainer:  * Acc@1 40.400 Best acc 42.107
2023-10-08 09:36:28,681 [INFO] core.trainer: ============ Testing on the test set ============
2023-10-08 09:36:34,775 [INFO] core.trainer: Epoch-(46): [100/100]	Time 0.010 (0.121)	Calc 0.006 (0.104)	Data 0.001 (0.014)	Acc@1 38.667 (38.560)
2023-10-08 09:36:34,781 [INFO] core.trainer:  * Acc@1 38.560 Best acc 37.200
2023-10-08 09:36:34,784 [INFO] core.trainer:  * Time: 0:14:55/0:15:52.127660
2023-10-08 09:36:34,791 [INFO] core.trainer: ============ Train on the train set ============
2023-10-08 09:36:34,793 [INFO] core.trainer: learning rate: [0.01]
2023-10-08 09:36:40,957 [INFO] core.trainer: Epoch-(47): [100/100]	Time 0.132 (0.123)	Calc 0.123 (0.051)	Data 0.001 (0.059)	Loss 1.204 (1.394)	Acc@1 41.333 (40.400)
2023-10-08 09:36:40,962 [INFO] core.trainer:  * Acc@1 40.400 
2023-10-08 09:36:40,964 [INFO] core.trainer: ============ Validation on the val set ============
2023-10-08 09:36:47,561 [INFO] core.trainer: Epoch-(47): [100/100]	Time 0.142 (0.131)	Calc 0.007 (0.018)	Data 0.133 (0.110)	Acc@1 42.667 (41.080)
2023-10-08 09:36:47,565 [INFO] core.trainer:  * Acc@1 41.080 Best acc 42.107
2023-10-08 09:36:47,567 [INFO] core.trainer: ============ Testing on the test set ============
2023-10-08 09:36:54,046 [INFO] core.trainer: Epoch-(47): [100/100]	Time 0.405 (0.129)	Calc 0.007 (0.076)	Data 0.396 (0.049)	Acc@1 27.333 (37.707)
2023-10-08 09:36:54,052 [INFO] core.trainer:  * Acc@1 37.707 Best acc 37.200
2023-10-08 09:36:54,054 [INFO] core.trainer:  * Time: 0:15:14/0:15:52.083333
2023-10-08 09:36:54,061 [INFO] core.trainer: ============ Train on the train set ============
2023-10-08 09:36:54,062 [INFO] core.trainer: learning rate: [0.01]
2023-10-08 09:37:00,774 [INFO] core.trainer: Epoch-(48): [100/100]	Time 0.536 (0.134)	Calc 0.014 (0.073)	Data 0.515 (0.049)	Loss 1.662 (1.426)	Acc@1 31.333 (40.067)
2023-10-08 09:37:00,780 [INFO] core.trainer:  * Acc@1 40.067 
2023-10-08 09:37:00,782 [INFO] core.trainer: ============ Validation on the val set ============
2023-10-08 09:37:06,340 [INFO] core.trainer: Epoch-(48): [100/100]	Time 0.199 (0.110)	Calc 0.006 (0.055)	Data 0.191 (0.051)	Acc@1 34.667 (42.867)
2023-10-08 09:37:06,344 [INFO] core.trainer:  * Acc@1 42.867 Best acc 42.107
2023-10-08 09:37:06,345 [INFO] core.trainer: ============ Testing on the test set ============
2023-10-08 09:37:12,803 [INFO] core.trainer: Epoch-(48): [100/100]	Time 0.015 (0.129)	Calc 0.012 (0.057)	Data 0.001 (0.067)	Acc@1 40.000 (37.013)
2023-10-08 09:37:12,807 [INFO] core.trainer:  * Acc@1 37.013 Best acc 37.200
2023-10-08 09:37:12,809 [INFO] core.trainer:  * Time: 0:15:33/0:15:52.040816
2023-10-08 09:37:12,825 [INFO] core.trainer: ============ Train on the train set ============
2023-10-08 09:37:12,828 [INFO] core.trainer: learning rate: [0.01]
2023-10-08 09:37:18,007 [INFO] core.trainer: Epoch-(49): [100/100]	Time 0.222 (0.103)	Calc 0.018 (0.077)	Data 0.198 (0.016)	Loss 1.311 (1.420)	Acc@1 41.333 (39.373)
2023-10-08 09:37:18,013 [INFO] core.trainer:  * Acc@1 39.373 
2023-10-08 09:37:18,015 [INFO] core.trainer: ============ Validation on the val set ============
2023-10-08 09:37:24,861 [INFO] core.trainer: Epoch-(49): [100/100]	Time 0.018 (0.136)	Calc 0.015 (0.060)	Data 0.001 (0.073)	Acc@1 28.000 (40.787)
2023-10-08 09:37:24,881 [INFO] core.trainer:  * Acc@1 40.787 Best acc 42.867
2023-10-08 09:37:24,883 [INFO] core.trainer: ============ Testing on the test set ============
2023-10-08 09:37:30,573 [INFO] core.trainer: Epoch-(49): [100/100]	Time 0.267 (0.113)	Calc 0.265 (0.059)	Data 0.001 (0.051)	Acc@1 32.000 (37.813)
2023-10-08 09:37:30,578 [INFO] core.trainer:  * Acc@1 37.813 Best acc 37.013
2023-10-08 09:37:30,579 [INFO] core.trainer:  * Time: 0:15:51/0:15:51
2023-10-08 09:37:30,586 [INFO] core.trainer: End of experiment, took 0:15:51
2023-10-08 09:37:30,588 [INFO] core.trainer: Result DIR: ./results/ProtoNet-miniImageNet--ravi-Conv64F-5-5-Oct-08-2023-09-21-03
